<?xml version="1.0" encoding="UTF-8"?>
<!-- Generated by org.testng.reporters.JUnitReportReporter -->
<testsuite name="UnitTest.DemoProgramTests" tests="2" time="0.031" ignored="0" failures="0" timestamp="23 Dec 2020 05:11:31 GMT" skipped="0" hostname="LAPTOP-Q7E6F0R0" errors="0">
  <testcase name="NegativeTest" time="0.031" classname="UnitTest.DemoProgramTests"/>
  <testcase name="PositiveTest" time="0.000" classname="UnitTest.DemoProgramTests"/>
</testsuite> <!-- UnitTest.DemoProgramTests -->
