<?xml version="1.0" encoding="UTF-8"?>
<!-- Generated by org.testng.reporters.JUnitReportReporter -->
<testsuite name="UnitTest.DemoProgramTests" tests="1" time="0.015" ignored="0" failures="0" timestamp="23 Dec 2020 04:56:23 GMT" skipped="0" hostname="LAPTOP-Q7E6F0R0" errors="0">
  <testcase name="Test1" time="0.015" classname="UnitTest.DemoProgramTests"/>
</testsuite> <!-- UnitTest.DemoProgramTests -->
