<?xml version="1.0" encoding="UTF-8"?>
<!-- Generated by org.testng.reporters.JUnitReportReporter -->
<testsuite name="com.TestCases.MyFirstTestcase" tests="1" time="2.670" ignored="0" failures="0" timestamp="05 Dec 2020 17:14:11 GMT" skipped="0" hostname="LAPTOP-Q7E6F0R0" errors="0">
  <testcase name="TestCase1" time="2.670" classname="com.TestCases.MyFirstTestcase"/>
</testsuite> <!-- com.TestCases.MyFirstTestcase -->
