<?xml version="1.0" encoding="UTF-8"?>
<!-- Generated by org.testng.reporters.JUnitReportReporter -->
<testsuite name="com.RestPackage.GetData" tests="2" time="3.661" ignored="0" failures="0" timestamp="17 Dec 2020 00:33:19 GMT" skipped="0" hostname="LAPTOP-Q7E6F0R0" errors="0">
  <testcase name="StandardCode" time="3.413" classname="com.RestPackage.GetData"/>
  <testcase name="TestResponseCode" time="0.248" classname="com.RestPackage.GetData"/>
</testsuite> <!-- com.RestPackage.GetData -->
