<?xml version="1.0" encoding="UTF-8"?>
<!-- Generated by org.testng.reporters.JUnitReportReporter -->
<testsuite name="com.RestPackage.Post_Delete_Tests" tests="2" time="3.568" ignored="0" failures="0" timestamp="17 Dec 2020 00:54:09 GMT" skipped="0" hostname="LAPTOP-Q7E6F0R0" errors="0">
  <testcase name="DeleteOps" time="2.971" classname="com.RestPackage.Post_Delete_Tests"/>
  <testcase name="PostOps" time="0.597" classname="com.RestPackage.Post_Delete_Tests"/>
</testsuite> <!-- com.RestPackage.Post_Delete_Tests -->
