<?xml version="1.0" encoding="UTF-8"?>
<!-- Generated by org.testng.reporters.JUnitReportReporter -->
<testsuite name="com.RestPackage.RestAssuredAuth" tests="1" time="3.376" ignored="0" failures="0" timestamp="17 Dec 2020 01:11:37 GMT" skipped="0" hostname="LAPTOP-Q7E6F0R0" errors="0">
  <testcase name="Test1" time="3.376" classname="com.RestPackage.RestAssuredAuth"/>
</testsuite> <!-- com.RestPackage.RestAssuredAuth -->
