<?xml version="1.0" encoding="UTF-8"?>
<!-- Generated by org.testng.reporters.JUnitReportReporter -->
<testsuite name="com.JavaScriptExecutor.JavaScriptScrollDemo" tests="1" time="22.445" ignored="0" failures="0" timestamp="23 Oct 2020 09:21:48 GMT" skipped="0" hostname="LAPTOP-Q7E6F0R0" errors="0">
  <testcase name="JavaScriptTypeTest" time="22.445" classname="com.JavaScriptExecutor.JavaScriptScrollDemo"/>
</testsuite> <!-- com.JavaScriptExecutor.JavaScriptScrollDemo -->
