<?xml version="1.0" encoding="UTF-8"?>
<!-- Generated by org.testng.reporters.JUnitReportReporter -->
<testsuite name="com.W3_TestCases.W3HomePageTests" tests="2" time="33.543" ignored="0" failures="0" timestamp="07 Nov 2020 15:54:57 GMT" skipped="0" hostname="LAPTOP-Q7E6F0R0" errors="0">
  <testcase name="HomePage" time="12.090" classname="com.W3_TestCases.W3HomePageTests"/>
  <testcase name="HomePage_PageFactory" time="21.453" classname="com.W3_TestCases.W3HomePageTests"/>
</testsuite> <!-- com.W3_TestCases.W3HomePageTests -->
