<?xml version="1.0" encoding="UTF-8"?>
<!-- Generated by org.testng.reporters.JUnitReportReporter -->
<testsuite name="com.ActionsDemo.RightClickDoubleClickDemo" tests="1" time="22.229" ignored="0" failures="0" timestamp="20 Oct 2020 04:31:27 GMT" skipped="0" hostname="LAPTOP-Q7E6F0R0" errors="0">
  <testcase name="TestMutipleWindows" time="22.229" classname="com.ActionsDemo.RightClickDoubleClickDemo"/>
</testsuite> <!-- com.ActionsDemo.RightClickDoubleClickDemo -->
