<?xml version="1.0" encoding="UTF-8"?>
<!-- Generated by org.testng.reporters.JUnitReportReporter -->
<testsuite name="com.TestNGDemo.TestNGListnerTests" tests="3" time="0.027" ignored="0" failures="0" timestamp="27 Nov 2020 16:38:17 GMT" skipped="0" hostname="LAPTOP-Q7E6F0R0" errors="0">
  <testcase name="Test4" time="0.004" classname="com.TestNGDemo.TestNGListnerTests"/>
  <testcase name="Test3" time="0.003" classname="com.TestNGDemo.TestNGListnerTests"/>
  <testcase name="Test2" time="0.020" classname="com.TestNGDemo.TestNGListnerTests"/>
</testsuite> <!-- com.TestNGDemo.TestNGListnerTests -->
