<?xml version="1.0" encoding="UTF-8"?>
<!-- Generated by org.testng.reporters.JUnitReportReporter -->
<testsuite name="com.TestNGDemo.CrossBrowserDemo" tests="1" time="33.026" ignored="0" failures="0" timestamp="27 Nov 2020 16:02:44 GMT" skipped="0" hostname="LAPTOP-Q7E6F0R0" errors="0">
  <testcase name="VerifyPageTitleInSelenium" time="33.026" classname="com.TestNGDemo.CrossBrowserDemo"/>
</testsuite> <!-- com.TestNGDemo.CrossBrowserDemo -->
