<?xml version="1.0" encoding="UTF-8"?>
<!-- Generated by org.testng.reporters.JUnitReportReporter -->
<testsuite name="com.ChromeOptions.ChromeOptionsDemo" tests="1" time="11.124" ignored="0" failures="0" timestamp="24 Oct 2020 00:44:02 GMT" skipped="0" hostname="LAPTOP-Q7E6F0R0" errors="0">
  <testcase name="ChromeOptionsTest" time="11.124" classname="com.ChromeOptions.ChromeOptionsDemo"/>
</testsuite> <!-- com.ChromeOptions.ChromeOptionsDemo -->
