<?xml version="1.0" encoding="UTF-8"?>
<!-- Generated by org.testng.reporters.JUnitReportReporter -->
<testsuite name="com.Log4j.Log4jDemo" tests="1" time="13.554" ignored="0" failures="0" timestamp="28 Oct 2020 04:00:26 GMT" skipped="0" hostname="LAPTOP-Q7E6F0R0" errors="0">
  <testcase name="Log4jDemoTest" time="13.554" classname="com.Log4j.Log4jDemo"/>
</testsuite> <!-- com.Log4j.Log4jDemo -->
