<?xml version="1.0" encoding="UTF-8"?>
<!-- Generated by org.testng.reporters.JUnitReportReporter -->
<testsuite name="com.VerifyTests.VerifyPageTitle" tests="1" time="17.357" ignored="0" failures="0" timestamp="13 Oct 2020 04:22:15 GMT" skipped="0" hostname="LAPTOP-Q7E6F0R0" errors="0">
  <testcase name="VerifyPageTitleInSelenium" time="17.357" classname="com.VerifyTests.VerifyPageTitle"/>
</testsuite> <!-- com.VerifyTests.VerifyPageTitle -->
