<?xml version="1.0" encoding="UTF-8"?>
<!-- Generated by org.testng.reporters.JUnitReportReporter -->
<testsuite name="com.TestNGDemo.DependentTestsDemo" tests="4" time="0.023" ignored="0" failures="0" timestamp="26 Nov 2020 16:24:50 GMT" skipped="0" hostname="LAPTOP-Q7E6F0R0" errors="0">
  <testcase name="LoginApp" time="0.000" classname="com.TestNGDemo.DependentTestsDemo"/>
  <testcase name="LogOutApp" time="0.006" classname="com.TestNGDemo.DependentTestsDemo"/>
  <testcase name="StartApp" time="0.007" classname="com.TestNGDemo.DependentTestsDemo"/>
  <testcase name="QuitApp" time="0.010" classname="com.TestNGDemo.DependentTestsDemo"/>
</testsuite> <!-- com.TestNGDemo.DependentTestsDemo -->
