<?xml version="1.0" encoding="UTF-8"?>
<!-- Generated by org.testng.reporters.JUnitReportReporter -->
<testsuite name="com.Wait.PageTimeOuts" tests="1" time="45.900" ignored="0" failures="0" timestamp="19 Oct 2020 03:28:20 GMT" skipped="0" hostname="LAPTOP-Q7E6F0R0" errors="0">
  <testcase name="TestMutipleWindows" time="45.900" classname="com.Wait.PageTimeOuts"/>
</testsuite> <!-- com.Wait.PageTimeOuts -->
