<?xml version="1.0" encoding="UTF-8"?>
<!-- Generated by org.testng.reporters.JUnitReportReporter -->
<testsuite name="com.ActionsDemo.KeyBoradEventDemo" tests="1" time="11.624" ignored="0" failures="0" timestamp="20 Oct 2020 04:49:53 GMT" skipped="0" hostname="LAPTOP-Q7E6F0R0" errors="0">
  <testcase name="TestMutipleWindows" time="11.624" classname="com.ActionsDemo.KeyBoradEventDemo"/>
</testsuite> <!-- com.ActionsDemo.KeyBoradEventDemo -->
