<?xml version="1.0" encoding="UTF-8"?>
<!-- Generated by org.testng.reporters.JUnitReportReporter -->
<testsuite name="com.TestNGDemo.FirstTestNGDemo" tests="3" time="0.030" ignored="0" failures="0" timestamp="26 Nov 2020 16:24:50 GMT" skipped="0" hostname="LAPTOP-Q7E6F0R0" errors="0">
  <testcase name="TestNGDemo" time="0.002" classname="com.TestNGDemo.FirstTestNGDemo"/>
  <testcase name="TestNGThird" time="0.023" classname="com.TestNGDemo.FirstTestNGDemo"/>
  <testcase name="TestNGSecond" time="0.005" classname="com.TestNGDemo.FirstTestNGDemo"/>
</testsuite> <!-- com.TestNGDemo.FirstTestNGDemo -->
