<?xml version="1.0" encoding="UTF-8"?>
<!-- Generated by org.testng.reporters.JUnitReportReporter -->
<testsuite name="com.HiddenElements.HiddenElementsDemo" tests="1" time="17.856" ignored="0" failures="0" timestamp="24 Oct 2020 00:24:44 GMT" skipped="0" hostname="LAPTOP-Q7E6F0R0" errors="0">
  <testcase name="HiddenElementsTest" time="17.856" classname="com.HiddenElements.HiddenElementsDemo"/>
</testsuite> <!-- com.HiddenElements.HiddenElementsDemo -->
