<?xml version="1.0" encoding="UTF-8"?>
<!-- Generated by org.testng.reporters.JUnitReportReporter -->
<testsuite name="com.ActionsDemo.MouseOverDemo" tests="1" time="45.219" ignored="0" failures="0" timestamp="20 Oct 2020 04:59:11 GMT" skipped="0" hostname="LAPTOP-Q7E6F0R0" errors="0">
  <testcase name="MouseOverTest" time="45.219" classname="com.ActionsDemo.MouseOverDemo"/>
</testsuite> <!-- com.ActionsDemo.MouseOverDemo -->
