<?xml version="1.0" encoding="UTF-8"?>
<!-- Generated by org.testng.reporters.JUnitReportReporter -->
<testsuite name="com.Alerts.MultipleWindowsDemo" tests="1" time="100.019" ignored="0" failures="0" timestamp="31 Oct 2020 05:07:39 GMT" skipped="0" hostname="LAPTOP-Q7E6F0R0" errors="0">
  <testcase name="TestMutipleWindows" time="100.019" classname="com.Alerts.MultipleWindowsDemo"/>
</testsuite> <!-- com.Alerts.MultipleWindowsDemo -->
