<?xml version="1.0" encoding="UTF-8"?>
<!-- Generated by org.testng.reporters.JUnitReportReporter -->
<testsuite name="com.JavaScriptExecutor.JavaScriptTypeDemo" tests="1" time="13.419" ignored="0" failures="0" timestamp="21 Oct 2020 04:38:57 GMT" skipped="0" hostname="LAPTOP-Q7E6F0R0" errors="0">
  <testcase name="JavaScriptTypeTest" time="13.419" classname="com.JavaScriptExecutor.JavaScriptTypeDemo"/>
</testsuite> <!-- com.JavaScriptExecutor.JavaScriptTypeDemo -->
