<?xml version="1.0" encoding="UTF-8"?>
<!-- Generated by org.testng.reporters.JUnitReportReporter -->
<testsuite name="com.ChromeOptions.ChromeOptionsSecurityCertDemo" tests="1" time="12.714" ignored="0" failures="0" timestamp="24 Oct 2020 00:53:15 GMT" skipped="0" hostname="LAPTOP-Q7E6F0R0" errors="0">
  <testcase name="ChromeOptionsTest" time="12.714" classname="com.ChromeOptions.ChromeOptionsSecurityCertDemo"/>
</testsuite> <!-- com.ChromeOptions.ChromeOptionsSecurityCertDemo -->
