<?xml version="1.0" encoding="UTF-8"?>
<!-- Generated by org.testng.reporters.JUnitReportReporter -->
<testsuite name="com.BrokenLinks.BrokenLinksDemo" tests="1" time="23.409" ignored="0" failures="0" timestamp="21 Oct 2020 04:26:08 GMT" skipped="0" hostname="LAPTOP-Q7E6F0R0" errors="0">
  <testcase name="BrokenLinksTest" time="23.409" classname="com.BrokenLinks.BrokenLinksDemo"/>
</testsuite> <!-- com.BrokenLinks.BrokenLinksDemo -->
