<?xml version="1.0" encoding="UTF-8"?>
<!-- Generated by org.testng.reporters.JUnitReportReporter -->
<testsuite name="com.JavaScriptExecutor.JavaScriptAlertDemo" tests="1" time="10.587" ignored="0" failures="0" timestamp="21 Oct 2020 04:32:50 GMT" skipped="0" hostname="LAPTOP-Q7E6F0R0" errors="0">
  <testcase name="JavaScriptClickTest" time="10.587" classname="com.JavaScriptExecutor.JavaScriptAlertDemo"/>
</testsuite> <!-- com.JavaScriptExecutor.JavaScriptAlertDemo -->
