<?xml version="1.0" encoding="UTF-8"?>
<!-- Generated by org.testng.reporters.JUnitReportReporter -->
<testsuite name="com.ConfigurationFileDemo.ReadConfigFile" tests="1" time="0.014" ignored="0" failures="0" timestamp="22 Nov 2020 05:20:56 GMT" skipped="0" hostname="LAPTOP-Q7E6F0R0" errors="0">
  <testcase name="readDataFromConfigFile" time="0.014" classname="com.ConfigurationFileDemo.ReadConfigFile"/>
</testsuite> <!-- com.ConfigurationFileDemo.ReadConfigFile -->
