<?xml version="1.0" encoding="UTF-8"?>
<!-- Generated by org.testng.reporters.JUnitReportReporter -->
<testsuite name="com.JavaScriptExecutor.JavaScriptScrollIntoViewDemo" tests="1" time="25.265" ignored="0" failures="0" timestamp="24 Oct 2020 00:10:28 GMT" skipped="0" hostname="LAPTOP-Q7E6F0R0" errors="0">
  <testcase name="JavaScriptTypeTest" time="25.265" classname="com.JavaScriptExecutor.JavaScriptScrollIntoViewDemo"/>
</testsuite> <!-- com.JavaScriptExecutor.JavaScriptScrollIntoViewDemo -->
