<?xml version="1.0" encoding="UTF-8"?>
<!-- Generated by org.testng.reporters.JUnitReportReporter -->
<testsuite name="com.Wait.ExplicitWait" tests="1" time="16.427" ignored="0" failures="0" timestamp="19 Oct 2020 04:12:10 GMT" skipped="0" hostname="LAPTOP-Q7E6F0R0" errors="0">
  <testcase name="TestMutipleWindows" time="16.427" classname="com.Wait.ExplicitWait"/>
</testsuite> <!-- com.Wait.ExplicitWait -->
