<?xml version="1.0" encoding="UTF-8"?>
<!-- Generated by org.testng.reporters.JUnitReportReporter -->
<testsuite name="com.HeadlessBrowser.VerifyTitleHeadless" tests="1" time="0.034" ignored="0" failures="0" timestamp="31 Oct 2020 05:02:29 GMT" skipped="0" hostname="LAPTOP-Q7E6F0R0" errors="1">
  <testcase name="PhantomJS" time="0.034" classname="com.HeadlessBrowser.VerifyTitleHeadless">
    <error type="java.lang.NoSuchMethodError" message="org/openqa/selenium/os/CommandLine.find(Ljava/lang/String;)Ljava/lang/String; (loaded from file:/C:/Automation/selenium-java-3.141.59/client-combined-3.141.59.jar by sun.misc.Launcher$AppClassLoader@ed93780f) called from class org.openqa.selenium.phantomjs.PhantomJSDriverService (loaded from file:/C:/Automation/Jars/phantomjsdriver-1.0.1.jar by sun.misc.Launcher$AppClassLoader@ed93780f).">
      <![CDATA[java.lang.NoSuchMethodError: org/openqa/selenium/os/CommandLine.find(Ljava/lang/String;)Ljava/lang/String; (loaded from file:/C:/Automation/selenium-java-3.141.59/client-combined-3.141.59.jar by sun.misc.Launcher$AppClassLoader@ed93780f) called from class org.openqa.selenium.phantomjs.PhantomJSDriverService (loaded from file:/C:/Automation/Jars/phantomjsdriver-1.0.1.jar by sun.misc.Launcher$AppClassLoader@ed93780f).
	at org.openqa.selenium.phantomjs.PhantomJSDriverService.findPhantomJS(PhantomJSDriverService.java:167)
	at org.openqa.selenium.phantomjs.PhantomJSDriverService.createDefaultService(PhantomJSDriverService.java:122)
	at org.openqa.selenium.phantomjs.PhantomJSDriver.<init>(PhantomJSDriver.java:85)
	at com.HeadlessBrowser.VerifyTitleHeadless.PhantomJS(VerifyTitleHeadless.java:16)
	at sun.reflect.NativeMethodAccessorImpl.invoke0(Native Method)
	at sun.reflect.NativeMethodAccessorImpl.invoke(NativeMethodAccessorImpl.java:62)
	at sun.reflect.DelegatingMethodAccessorImpl.invoke(DelegatingMethodAccessorImpl.java:43)
	at java.lang.reflect.Method.invoke(Method.java:498)
	at org.testng.internal.MethodInvocationHelper.invokeMethod(MethodInvocationHelper.java:104)
	at org.testng.internal.Invoker.invokeMethod(Invoker.java:645)
	at org.testng.internal.Invoker.invokeTestMethod(Invoker.java:851)
	at org.testng.internal.Invoker.invokeTestMethods(Invoker.java:1177)
	at org.testng.internal.TestMethodWorker.invokeTestMethods(TestMethodWorker.java:129)
	at org.testng.internal.TestMethodWorker.run(TestMethodWorker.java:112)
	at org.testng.TestRunner.privateRun(TestRunner.java:756)
	at org.testng.TestRunner.run(TestRunner.java:610)
	at org.testng.SuiteRunner.runTest(SuiteRunner.java:387)
	at org.testng.SuiteRunner.runSequentially(SuiteRunner.java:382)
	at org.testng.SuiteRunner.privateRun(SuiteRunner.java:340)
	at org.testng.SuiteRunner.run(SuiteRunner.java:289)
	at org.testng.SuiteRunnerWorker.runSuite(SuiteRunnerWorker.java:52)
	at org.testng.SuiteRunnerWorker.run(SuiteRunnerWorker.java:86)
	at org.testng.TestNG.runSuitesSequentially(TestNG.java:1293)
	at org.testng.TestNG.runSuitesLocally(TestNG.java:1218)
	at org.testng.TestNG.runSuites(TestNG.java:1133)
	at org.testng.TestNG.run(TestNG.java:1104)
	at org.testng.remote.AbstractRemoteTestNG.run(AbstractRemoteTestNG.java:132)
	at org.testng.remote.RemoteTestNG.initAndRun(RemoteTestNG.java:236)
	at org.testng.remote.RemoteTestNG.main(RemoteTestNG.java:81)
]]>
    </error>
  </testcase> <!-- PhantomJS -->
</testsuite> <!-- com.HeadlessBrowser.VerifyTitleHeadless -->
