<?xml version="1.0" encoding="UTF-8"?>
<!-- Generated by org.testng.reporters.JUnitReportReporter -->
<testsuite name="com.ActionsDemo.DragAndDropDemo" tests="1" time="65.836" ignored="0" failures="0" timestamp="20 Oct 2020 04:38:59 GMT" skipped="0" hostname="LAPTOP-Q7E6F0R0" errors="0">
  <testcase name="TestMutipleWindows" time="65.836" classname="com.ActionsDemo.DragAndDropDemo"/>
</testsuite> <!-- com.ActionsDemo.DragAndDropDemo -->
