<?xml version="1.0" encoding="UTF-8"?>
<!-- Generated by org.testng.reporters.JUnitReportReporter -->
<testsuite name="com.JavaScriptExecutor.JavaScriptClickDemo" tests="1" time="19.699" ignored="0" failures="0" timestamp="23 Oct 2020 09:16:22 GMT" skipped="0" hostname="LAPTOP-Q7E6F0R0" errors="0">
  <testcase name="JavaScriptTypeTest" time="19.699" classname="com.JavaScriptExecutor.JavaScriptClickDemo"/>
</testsuite> <!-- com.JavaScriptExecutor.JavaScriptClickDemo -->
