<?xml version="1.0" encoding="UTF-8"?>
<!-- Generated by org.testng.reporters.JUnitReportReporter -->
<testsuite name="com.JavaScriptExecutor.JavaScriptHighlightElementDemo" tests="1" time="14.334" ignored="0" failures="0" timestamp="23 Oct 2020 09:27:54 GMT" skipped="0" hostname="LAPTOP-Q7E6F0R0" errors="0">
  <testcase name="JavaScriptHighlightElementTest" time="14.334" classname="com.JavaScriptExecutor.JavaScriptHighlightElementDemo"/>
</testsuite> <!-- com.JavaScriptExecutor.JavaScriptHighlightElementDemo -->
